500
0 65 87 185 734 744 830 1078 1108 2237 3936 4348 6095 7133 
1 427 618 2014 2385 2568 2977 3181 3759 4454 4540 
2 290 823 1124 1297 2088 2091 2320 2678 2708 2792 3321 3989 4224 4367 9573 
3 779 878 1735 1801 2147 2180 2255 2468 2638 4305 
4 251 872 1472 1774 2617 2627 2710 3405 3623 3742 4582 4636 4642 5186 5271 5875 
5 508 1314 3071 3124 3426 3502 3909 4010 4474 5414 5969 9600 
6 126 1933 2016 2960 3047 3728 3738 4011 4177 4231 4587 4625 5395 5555 6048 
7 955 2142 2174 2953 4953 5165 5288 5489 5518 5539 6050 
8 253 910 1562 2475 4313 4799 5200 5235 5392 5517 5626 5632 5759 5888 6785 
9 1973 2728 4052 4067 4301 4920 5262 5336 5821 6359 9086 
10 433 441 1766 1799 1825 3672 3731 3907 4005 4289 4298 5748 5867 8495 
11 1065 3040 3369 3594 3825 3899 3987 5056 5122 5409 6672 7361 
12 605 793 1121 1375 1396 2589 3104 3509 3525 3676 3843 3991 4042 4238 4278 4809 5019 5323 6451 
13 1285 1631 1708 2193 2551 2820 3069 4251 4621 4785 
14 469 1478 1581 3522 4317 4592 5191 5285 5305 5315 5423 6060 9731 
15 78 2077 3325 4273 4378 4767 5172 5189 5261 5440 5452 5459 6698 
16 187 214 629 775 911 2018 2377 2467 2634 3342 9374 
17 0 110 197 622 1061 1258 1668 1683 2131 2390 2417 2562 2890 
18 218 429 475 523 811 918 1049 1340 1746 2068 3705 5825 8209 
19 16 152 756 797 1412 1804 2085 2090 2480 2586 2610 8794 
20 669 1623 2905 3429 3974 4125 4334 4347 4465 4635 4765 6458 7874 
21 208 587 956 1585 1680 1928 2657 3010 3979 4445 5697 
22 284 386 470 980 1230 1505 2999 3888 4122 4647 7968 8711 9903 
23 509 568 592 1068 2293 2294 2418 2530 3417 5340 8599 
24 233 786 1823 2234 2345 2400 2454 2783 2920 3164 3264 3816 5412 5836 
25 1131 1607 1654 2164 2594 2607 2821 2888 3401 3858 4043 4240 
26 1566 1594 2258 3282 3406 3484 3707 3930 4211 4444 4457 8325 
27 1882 3763 4385 5620 5666 5707 5796 5835 5842 5844 7023 
28 624 753 2239 2619 3165 4096 5380 5519 5571 5678 5691 5724 9545 
29 101 182 216 576 758 915 1289 2125 2985 3051 3725 4154 4855 4972 5863 6833 
30 155 329 359 656 748 1119 1943 2171 2623 2746 2775 3136 3671 4108 6281 6778 
31 1628 1782 1810 2324 2422 2595 2918 3140 3296 3350 3615 3644 3772 
32 1226 1701 3281 3827 4162 4518 4713 5222 5272 6324 
33 531 905 972 1953 2517 2862 4186 4506 5726 5772 7044 
34 639 1232 2214 2532 3213 3629 4373 4554 4601 4697 4853 
35 239 249 323 1720 2849 3804 3905 4383 4468 4746 4771 4865 4984 8439 
36 518 1592 2340 2534 2847 2957 3791 3938 4199 4245 5010 5011 5228 6899 
37 1560 3608 3925 4346 4459 4777 4848 4925 4938 5123 5591 5840 6437 
38 403 1041 1381 3111 4069 4078 4611 4783 4790 4796 4955 4982 5211 7519 
39 67 801 1545 1703 3033 3055 3198 5030 6071 7899 
40 917 2961 3479 3564 3776 4323 4326 4404 4524 5090 5426 5441 5598 5604 6454 
41 828 1729 1989 2529 3365 3384 4118 4376 4603 4793 4878 6283 
42 53 123 409 708 805 1109 1198 1367 1444 1462 1876 1904 2244 3395 6044 
43 736 752 1438 1921 2434 2592 2823 3548 3767 
44 1035 1086 1342 1506 1790 2221 2396 2793 2902 3016 3832 3992 4857 7367 
45 168 485 494 553 662 789 1443 1554 1656 2166 2231 2304 2445 2524 2744 2958 
46 247 1494 1530 2047 2455 3329 3589 4182 4308 4623 
47 80 211 382 845 851 924 1320 1350 1667 2653 3823 4628 
48 250 1770 1789 1874 2287 4843 4860 5045 5439 5733 5774 5791 
49 651 899 1020 1439 2132 2203 2665 2786 3311 3675 4222 4416 8685 
50 221 317 546 1383 1765 1919 2111 2163 2266 2473 2906 2981 3510 3944 5548 6049 7629 
51 178 241 412 954 1054 1057 1537 2310 2354 3368 
52 493 526 541 550 699 780 2301 2374 2808 3382 3850 4166 5862 7742 
53 720 1629 1992 3700 3951 4622 4812 4879 5084 5180 5509 5833 6415 
54 26 281 706 724 1414 2462 2490 2751 2828 3161 3260 4971 7012 
55 1391 1576 1705 2584 2952 3295 3408 3619 3701 4314 4583 5029 6022 6537 8883 
56 3091 3448 4722 5270 5480 5542 5570 5687 6028 6062 
57 279 489 585 1281 1410 1915 2276 2703 3247 3398 3557 7055 
58 348 715 1322 1636 1690 1944 2005 2093 2393 2643 2947 3500 6772 
59 321 339 455 868 1416 2109 2901 3172 3265 3304 3440 3556 4148 4985 
60 129 1899 2536 2641 3680 3939 4261 4942 5525 5547 5887 7180 9075 
61 33 154 804 941 1117 1767 2867 3106 3330 4674 4979 5153 5531 5683 5866 5902 
62 472 787 853 937 1037 1085 3486 3753 3851 3910 4082 4413 4434 4890 8043 
63 1743 2576 2683 2811 3752 3846 3873 4390 4438 5359 5437 5516 5732 
64 62 212 447 874 1188 1986 1990 2150 2735 2910 3108 3197 3224 4045 4828 6332 
65 159 1013 1148 1178 1330 1394 1596 2153 2884 2897 3155 3366 3625 5797 7320 9533 
66 114 260 440 567 1008 1036 1483 1675 2106 2188 2339 3416 3576 7653 
67 425 1111 1199 2363 2851 3192 3692 4472 5483 6086 
68 189 647 906 1034 1355 1935 2399 2571 4065 4354 4670 4807 4838 5885 
69 799 1755 3102 3305 4001 4144 4489 5204 5407 5464 5846 
70 163 1415 1459 1611 1616 1741 2039 3769 3814 3838 4419 5181 5777 
71 764 3309 3496 3583 3778 4146 5101 5574 5757 5889 6170 6400 
72 52 558 1331 2152 2547 3337 3713 4549 5816 6970 
73 2404 2582 2917 2930 3371 3639 3649 4155 4193 4398 4543 5534 6499 
74 379 483 1045 1657 1769 1974 2062 3449 3655 3793 5141 6244 
75 4130 5493 5556 5642 5751 5760 5790 5806 5843 7669 8134 
76 385 398 480 1372 2520 2585 3599 3867 3870 4332 5982 
77 57 181 988 1440 1622 2356 3084 3597 3735 3863 9607 
78 25 798 1328 1822 1872 3088 3269 3310 4352 4443 4513 4605 4678 4940 6343 
79 7 435 907 953 1847 2832 4205 4730 5221 5365 5521 5855 
80 969 1175 1228 1549 1553 1776 1946 1999 2045 3159 5500 7474 
81 600 2143 2207 2281 2439 2575 3202 4769 4927 5258 5504 5676 
82 48 855 2105 2195 3617 4049 4679 5176 5335 5505 6369 
83 790 1192 1229 1511 1630 2722 2874 2908 2935 3463 3513 
84 1637 3335 4032 4059 4954 4988 5082 5139 5382 5995 
85 3 352 547 885 1071 1172 1287 1312 1411 1514 1831 2137 2317 2409 2876 6296 9043 
86 14 18 34 68 213 226 349 948 1080 1104 1107 1641 
87 1239 1772 2274 2311 2618 2912 5313 5575 5722 6650 
88 177 535 1433 1544 1819 1996 2155 2428 3334 3561 3666 4560 5503 5794 
89 1110 1694 2501 2934 3276 3288 3892 4089 4965 5040 5136 6903 
90 39 193 516 894 1200 1551 3238 3248 4685 5668 
91 1797 2235 2891 4361 4429 4792 4850 5168 5269 5282 5609 7709 7933 
92 121 579 1669 2561 2663 2948 3332 6326 
93 170 311 1015 1179 1267 1638 1927 3262 3866 3876 4254 4336 4478 5716 
94 755 1284 2974 3340 4061 4277 4307 5015 5059 5348 7162 
95 1234 1785 1809 2213 2772 2899 3271 3367 4232 4546 
96 309 746 925 1142 1699 1897 2488 2498 2939 3189 4455 5448 6922 
97 273 1126 2009 2379 2856 3387 4741 4768 5158 5218 
98 235 413 444 564 593 645 863 1070 1227 1268 1311 1677 2513 2630 2870 4786 8491 
99 1660 1738 2306 2464 3142 3390 3770 3978 5129 5254 5515 
100 652 653 836 1166 1398 1724 2215 2644 3095 3362 3703 3734 4036 5234 
101 294 606 1334 1762 2138 2424 2815 3545 3693 4100 4209 4358 
102 376 2668 2692 3141 3144 4902 5230 5280 5310 5362 5403 5424 5731 6032 7429 
103 395 1395 3150 4547 4602 4688 4998 5091 5098 5126 5486 6482 6699 
104 716 867 1169 2353 2807 3168 3657 3794 3796 4798 4926 5035 5397 5465 6390 
105 1761 5154 5460 5582 5595 5689 5729 5769 5809 7193 
106 770 1498 1648 1685 1732 1873 1885 1913 1951 2086 7267 
107 598 638 913 1403 3208 3404 3749 3965 4015 4283 4873 
108 1127 1955 2347 2519 2695 3094 3133 3927 4234 4463 6351 7652 
109 202 365 973 1081 2831 3235 3526 4640 4877 5170 5444 5713 6034 
110 204 632 2372 3251 3681 3708 3971 4362 4460 4718 7087 
111 751 1793 1924 2042 2835 3865 4665 4863 5009 5327 5342 6024 7845 
112 2443 2556 4516 5127 5420 5614 5723 5781 6216 6827 8580 
113 421 589 1270 1327 1343 1624 1858 1995 2167 2332 3030 4286 5996 
114 1177 1859 2240 2827 5118 5130 5210 5455 5559 5793 5954 
115 2182 3372 3585 4400 4505 4770 4805 4921 4945 5069 5088 5209 5256 5425 5730 9467 
116 274 419 1503 1563 1861 2071 2148 2342 2711 2717 6423 9834 
117 132 544 549 987 1243 2190 2420 2980 3129 3318 5989 7029 
118 319 1066 1286 1319 2511 4321 4427 4740 5273 5461 5838 8193 
119 38 1183 1221 1238 2041 3215 3331 3762 4066 4395 4578 4989 5028 6139 6842 
120 328 985 1021 1182 1535 1542 1643 1666 1781 1976 2543 2673 2945 5677 
121 29 666 740 1626 2046 2780 2997 3083 4020 4624 6178 9160 
122 1481 2514 2685 3702 4153 4612 4996 5111 5121 5551 8896 
123 3458 4138 4411 4473 4662 5064 5125 5197 5338 5468 5606 9518 
124 215 275 506 1046 1377 1453 2032 2226 2750 2896 5710 8716 
125 446 677 916 1040 1129 1534 1700 1911 2280 3052 3053 3089 3378 4002 4024 5589 5964 8462 
126 852 1713 2495 3289 3990 4391 4931 5639 5684 5828 
127 556 626 932 1380 1926 2026 2055 2470 2752 2984 3163 3286 4660 5925 
128 1152 1508 2724 3323 3690 3696 3994 5276 5490 5512 5629 7050 
129 70 454 1210 1980 2384 2669 2732 2982 3182 3317 3747 3842 3963 5175 5253 
130 694 1323 1413 2991 3020 3201 4525 4604 5042 5173 5481 6087 
131 1092 2523 2696 4558 4779 4868 5068 5074 5220 5231 5319 7771 
132 848 1103 1217 1421 1711 1839 1916 2672 3080 3877 4129 4325 4569 4695 5291 9219 
133 1231 1693 1827 2012 2242 3497 3829 4120 4324 5457 6635 
134 430 504 588 977 1091 1096 1135 1378 1476 2170 2604 3621 6391 8092 
135 94 1069 1162 1251 1392 3508 4215 4284 4355 5194 6748 
136 35 85 673 832 842 927 1027 1093 1293 1748 3543 5695 5775 
137 72 1728 2788 3945 4217 4302 4683 4804 5337 5463 5469 6610 
138 292 302 340 474 532 1053 1276 1420 1580 1740 2108 2863 3203 5166 7751 8116 9615 
139 625 1674 4436 4480 4534 4563 5051 5081 5287 5355 6460 
140 20 95 117 186 257 296 347 530 909 1651 1737 1852 
141 291 705 733 1101 1941 2145 2157 2176 2211 2622 2624 2645 4227 4442 5896 
142 162 795 1253 1423 1860 2261 2433 2447 3231 3388 3480 4531 4951 5848 
143 947 1115 2661 2915 3504 3895 4452 4477 5184 5514 5872 
144 313 771 1308 1552 1938 2165 2425 2437 2745 3425 3493 3592 4094 4282 4539 6082 7210 
145 727 732 829 1805 2416 3511 3541 3578 3871 4075 4370 4514 4638 4960 5026 6547 
146 106 513 889 1082 1409 1486 2075 2291 2440 2651 2797 3602 8345 
147 2196 3475 3733 4081 4181 4290 4693 5499 5738 6676 
148 240 664 1222 1241 1730 2476 3209 4210 4344 4571 4885 
149 116 743 1087 1133 1590 1610 1744 2169 2184 2373 2907 2913 3784 3937 
150 1824 2405 2423 2845 2987 3025 3875 3891 4479 4590 6712 
151 246 862 887 1670 1721 2092 2456 2572 3227 4498 4703 4742 4963 5241 
152 370 408 560 1487 2162 2302 3443 3754 4072 4131 4507 6057 
153 616 1795 2771 3559 3872 4167 4360 4577 4986 4987 5103 9270 9852 
154 400 1058 1171 1653 1709 2028 2081 2229 2334 2352 2383 2452 6895 
155 227 306 591 1168 1663 2507 3773 3946 4753 5558 7240 8528 
156 389 864 949 2205 2798 3028 3315 3920 4213 4329 4641 6467 6534 8140 
157 318 552 791 834 1173 1302 1430 1463 1662 1811 2141 2544 3326 5860 5979 7949 
158 406 1488 1655 2065 3739 3781 4617 4910 5070 6258 8450 
159 393 642 719 1365 1559 2080 2322 2359 2923 3467 3706 3831 4090 4104 4342 5386 5462 6920 
160 517 1489 2794 2822 2937 2946 3261 3534 4715 4949 5055 5066 5257 9008 
161 17 98 256 364 807 1191 1697 2666 3101 3577 3756 6189 6538 
162 135 367 1077 1203 1426 1961 2358 2436 2545 3301 3434 3632 6254 
163 1089 1336 1387 3287 3560 3941 4033 4249 4430 4515 4764 4897 
164 676 685 4702 5041 5419 5454 5488 5533 5694 5720 5933 6465 7511 
165 232 357 1250 1447 1598 1840 2177 2606 2646 2895 3149 3244 3718 4264 7068 
166 315 332 818 1029 1042 1090 1645 1688 1771 2608 2723 7120 
167 280 957 2667 2829 4519 4523 4684 4847 5183 7553 
168 543 1750 1816 2639 3151 3176 3314 4054 4259 4570 4600 5980 6327 9931 
169 1895 2680 2766 4262 4486 4706 4892 5128 5482 5795 
170 680 784 1529 1602 2178 2238 2367 2504 3808 7932 
171 611 658 1673 1837 1909 3375 3441 4022 4615 6130 
172 97 137 572 747 995 1358 1601 2716 3291 3797 4421 4561 4901 5767 9848 
173 487 812 1792 2365 2414 3494 3724 3834 3964 4292 4704 5416 6334 
174 108 1800 1835 1857 2733 3018 3593 3641 3646 3669 3868 5150 6323 
175 32 597 929 1102 1106 2360 2951 3624 4161 4801 4833 5161 6053 
176 380 762 1298 3906 4233 4291 5356 5361 5815 6196 9713 
177 534 561 1254 1282 2259 2398 3116 3345 3471 4484 
178 10 477 813 2453 3648 4201 5328 5399 5536 5617 5702 5805 7630 
179 75 234 304 581 1465 1786 1939 2482 2492 2741 2994 3506 3917 5895 6502 
180 548 904 2095 2564 2880 3239 3898 4268 4375 4691 4791 5594 7439 
181 765 1063 1113 1196 2101 3240 3453 4426 4895 5085 5142 5196 7987 
182 51 82 1363 2659 2757 3474 4288 4439 4992 5297 5402 5706 8269 
183 4328 5538 5568 5778 5785 5792 5812 5822 5873 
184 79 488 982 1269 1947 2126 2502 3418 3442 
185 700 1201 2477 2734 2973 5398 5671 5727 5807 6001 7057 
186 145 301 381 415 465 693 971 1032 1304 1393 1659 2787 
187 1138 2392 3558 4659 4904 4966 5002 5052 5358 5613 5739 6018 6101 
188 58 120 437 849 861 1072 1379 1484 1764 1991 2127 2323 3119 3714 6545 
189 50 375 1145 1373 2283 2395 2742 2755 3415 3491 5095 5654 6652 
190 405 1012 1905 2758 2909 3204 3574 4446 4825 5659 6261 
191 262 263 595 1714 1967 2067 2146 2553 3087 3935 4871 7575 
192 15 56 183 527 570 774 1237 1406 1808 1964 2116 2776 2843 3575 4151 5630 9244 
193 459 1134 1150 1528 1609 2649 3171 4063 4453 4841 5146 5159 6836 
194 255 322 684 854 871 1190 2192 3143 3664 3788 3942 4894 5329 6021 6214 
195 377 1880 2548 2671 3826 4012 4126 4333 4581 4774 9299 
196 77 2051 2343 2459 2626 2738 3056 3397 3565 3698 4491 5869 6615 
197 103 122 617 908 2406 2803 3153 3383 3685 3900 4008 5909 6029 
198 2069 2134 4553 5252 5508 5545 5641 5898 7234 
199 1408 1418 1458 1932 2250 3539 3662 3687 4207 4808 6137 
200 146 895 1084 1432 1491 1571 2410 2429 2989 3635 3760 
201 463 2588 3852 3923 4102 4112 4116 4364 4754 4900 5470 5655 
202 224 397 559 620 882 1055 1073 1240 1802 2025 2505 2565 7167 
203 464 1836 2040 2412 2593 3462 3775 4744 5721 6355 
204 166 248 1550 1589 1949 1981 3139 3400 3485 4714 4898 5034 7759 
205 200 388 536 650 986 1244 2151 2446 2522 2782 3402 3569 9003 
206 31 242 401 697 712 750 1026 1159 1471 2199 2583 3391 
207 869 3162 3169 3446 4095 4114 5025 5044 5308 5942 6374 
208 387 2219 2270 2375 3067 3450 3643 4299 4689 4888 6336 
209 222 327 681 1296 1305 1335 1374 1376 1455 1644 2299 4709 5401 
210 2441 2942 3363 3606 3948 4363 4975 5013 5032 5300 6643 
211 768 1536 1952 2719 3179 3283 3638 4510 4556 
212 940 1220 1756 2533 3422 3587 3627 3962 4223 4795 6084 
213 865 1593 3538 3637 3844 3911 3912 4237 4392 4490 4905 8183 
214 1691 2060 2210 2223 3929 3940 4733 4794 5114 5605 6409 
215 84 271 295 432 540 718 1219 1384 1582 1686 1715 2676 2852 3096 4526 4719 5143 
216 399 1116 1291 1618 1893 2800 3473 3568 3663 5078 5341 6149 
217 73 404 1005 1295 1316 1359 2555 3966 4495 4629 5445 5912 
218 86 426 467 731 2380 2882 3117 3308 3552 4141 4467 4500 4607 8248 
219 173 243 767 881 1565 1595 1820 1854 3297 3554 4034 
220 668 2113 2587 2964 3079 4681 5014 5116 5364 5601 5634 5740 
221 88 407 521 1195 1500 2008 2118 2123 2253 2940 3011 3432 3456 3656 5752 
222 136 374 471 631 1007 1807 1813 1983 2035 2327 3048 3299 4596 6797 
223 244 259 320 482 486 492 739 1256 1401 1586 1936 1954 4179 4661 5212 6306 
224 730 1099 1143 2252 2408 3059 3438 3977 4159 5950 7791 9007 
225 289 824 1519 1742 2066 3528 3563 3729 3986 4039 4083 6075 
226 2662 3292 3302 4781 5224 5296 5467 5498 5610 5628 5735 5841 7698 
227 2278 3004 3748 4710 5021 5203 5306 5656 5680 5782 5804 5819 5871 5966 
228 1903 2378 2983 3284 4244 5229 5312 5456 5565 5576 5618 6817 
229 928 1749 2560 3076 3457 3652 3807 4026 4195 4676 4943 5322 6946 
230 119 1364 2911 5132 5246 5299 5366 5427 5429 5450 5758 6020 6671 9444 
231 21 112 335 438 717 1417 1431 1606 1676 3521 4156 4450 4658 4780 
232 445 1346 1349 1360 1485 1818 2297 3065 3634 6054 
233 54 147 366 571 615 841 989 1194 1900 1984 2120 2128 2413 4091 5043 5899 6889 8284 
234 293 1758 2204 4870 4968 5022 5281 5376 5393 5421 5973 
235 794 950 1083 1547 1706 1908 1978 2465 2527 2578 3461 3811 3982 4018 4414 4784 
236 167 633 970 1167 1260 2539 2681 2819 3006 3012 3122 3277 3379 3683 3726 3849 6487 8227 
237 2117 2133 2348 2609 2737 2929 4447 4608 5578 5603 7379 
238 636 926 1100 1332 1518 1775 1848 1929 2308 2326 2559 2615 2855 7517 7880 
239 886 1120 1405 2489 2720 2854 3024 3529 3884 3954 5391 6226 
240 644 1009 1204 1507 4136 4451 5144 5255 5330 5879 
241 2321 2986 3031 3157 3225 3885 3919 4374 4964 5195 5417 5663 5906 
242 150 355 363 990 1509 1523 2802 3015 3352 3704 3997 4124 4198 4230 7864 
243 602 870 1266 1541 1959 2521 2739 2887 3166 3464 3470 4639 5961 7795 
244 300 1362 1479 1925 2020 2350 2458 3757 4119 4548 4677 4761 6445 
245 93 951 1039 1098 1733 1798 2510 2537 2538 4164 4194 4243 4609 4626 
246 1329 1548 1583 2115 2805 2838 2868 3361 3821 3908 4394 4997 5367 5992 
247 873 1650 1704 1965 2699 2814 2996 3376 3553 3572 3620 3710 6063 7806 
248 1757 3154 3780 4097 4699 4887 5047 5264 5422 5472 5788 5802 9023 
249 665 749 1988 2052 2232 2580 3027 3043 3381 3959 3998 4483 4802 4893 4958 6292 6608 7997 
250 153 809 883 1144 1206 1849 2149 2694 3628 4327 4667 4705 8069 9930 
251 610 1866 3279 3339 4508 5087 5370 5447 5506 5507 5768 8922 
252 640 1456 1466 2825 2898 3857 5182 5245 5279 5552 5602 6198 7790 
253 115 344 390 890 942 1146 1216 1647 2233 2236 4051 4907 
254 269 1132 1474 1826 1875 2598 3082 4113 4196 4481 4896 6321 9013 
255 741 1856 2217 2525 2570 2601 2925 3259 3359 3886 4070 7198 
256 460 974 1473 2050 2761 3613 3645 3913 4441 8005 9199 
257 361 958 1181 2778 3000 3373 3579 4339 5679 6030 
258 40 449 777 1390 1608 3242 3354 3370 3668 3818 3861 4527 7569 8470 
259 343 698 934 998 1812 2633 3436 3856 3902 4476 4876 9138 
260 844 999 1186 1587 2613 2706 3407 3618 3996 4226 4844 
261 151 728 781 1615 2451 2840 3114 3392 3459 3507 3661 3806 4340 5698 
262 422 528 1056 1299 2249 2496 2830 2837 3393 3746 4109 4322 4586 6428 9032 
263 1273 1578 3258 3396 3601 4029 4221 4509 5020 5106 
264 42 879 1525 1855 2027 2124 2625 3336 3403 4294 5502 6913 
265 687 1881 3042 3137 3217 3313 3566 3570 3949 4464 4787 4831 8068 
266 13 372 945 1555 1716 1889 2448 2616 2687 3598 3786 4431 5474 5894 8343 
267 264 1512 2121 2483 2640 3761 3859 4014 4462 4849 5249 5443 5596 6236 6945 
268 316 411 451 1202 1869 2288 2303 3134 3344 3999 4110 4197 4377 5316 6161 
269 428 1864 2632 3021 3022 3077 3380 3918 4435 4620 4650 4845 6550 
270 896 1233 1435 2073 2318 3183 3199 3481 3610 3611 3715 3953 4619 5006 6187 
271 457 745 1016 1280 1526 1745 2382 2549 3070 3377 3650 4103 4158 5849 6731 
272 124 1482 1620 1942 2030 2707 2883 3970 4944 4947 5268 5369 5770 6360 
273 83 158 161 959 1165 1255 1538 1727 1917 2931 3232 5645 
274 537 819 1425 1719 1998 2472 3188 3777 4212 4246 4562 4627 5292 5910 5962 8512 
275 792 1649 3654 4440 4763 5062 5227 5520 5586 5597 5650 6269 
276 893 2801 4422 4559 4666 4778 5079 5524 5527 5981 6153 7266 
277 286 964 1043 1501 2072 3064 3086 3605 4529 4589 4757 4883 5018 5433 7077 
278 1970 2391 3771 3774 4814 4974 5169 5199 5250 5321 5661 
279 261 952 1014 1211 2747 2769 3167 3177 3280 3495 3897 5458 5826 7950 
280 646 672 1584 2282 3205 3928 4025 4174 4456 6298 
281 663 710 2879 4263 4272 4415 4428 5449 5510 5765 5907 6621 7545 8671 
282 307 920 1969 2279 2926 4512 4544 4724 4830 5839 8259 
283 1025 2499 2688 2921 2969 3075 3439 4551 4755 5027 5808 6250 
284 346 898 1993 3029 3896 3983 4093 4300 4687 4817 5063 5387 5432 5747 7434 
285 448 1130 1428 1722 2037 2140 3228 3319 3988 4142 5110 
286 1891 2100 2245 2774 3839 3967 4255 4663 4732 4745 5092 5865 
287 623 931 1294 1402 1556 1879 4471 4606 4657 4701 5112 5434 6473 
288 607 1496 2130 3501 4050 4337 4734 5295 5388 5471 5685 5787 5831 
289 539 707 800 857 2224 2286 2369 2702 2777 3333 3801 3819 6014 
290 2135 2154 2194 2697 2756 2956 3178 3223 3245 3420 
291 875 1075 2731 3590 3688 4437 4882 5171 5302 5372 5491 5495 5799 7919 8487 
292 566 930 1468 1698 1845 2271 2290 2602 3002 3659 3882 4216 5801 8121 
293 721 1114 1918 2096 2325 2631 2785 2943 2993 3044 3535 3699 5384 
294 562 754 1059 1338 1796 2871 2922 3813 4140 4319 7456 
295 1912 2401 2779 2924 3252 4408 4572 4818 4819 5016 9443 
296 5 325 1448 3327 4653 4881 5137 5208 5260 5347 5351 9224 
297 92 761 2058 2292 2312 2970 3394 3647 3824 4085 4576 5155 6424 7699 8484 
298 1275 3060 3268 3364 3562 4132 4143 4265 4634 4981 5167 6046 6061 7204 
299 859 1337 1707 1850 2567 3489 3712 4175 4368 4935 5105 5138 8125 
300 2637 2789 3132 3536 4099 4829 4924 5540 9129 
301 199 371 424 1155 1434 1467 1614 1754 1843 2189 2209 2263 3013 3653 6692 6790 9215 
302 1193 2403 2478 2726 3226 3249 3328 3447 4117 4522 4557 4630 4788 5201 
303 69 89 522 590 1158 1862 1883 2227 2329 2700 4501 
304 1271 2865 4003 4006 4267 4503 4852 5275 5803 6354 
305 277 1002 1838 2471 2664 3112 3809 9107 
306 305 575 1001 1723 2928 3003 4983 4993 5007 5039 7007 
307 333 1672 2620 2875 4293 5233 5353 5374 5544 5897 7126 
308 833 1004 2010 2508 3633 4369 4384 4939 5394 5436 5453 6980 9404 
309 655 1163 2029 2175 2277 3190 3768 3947 4064 4735 6387 
310 71 2057 2295 2485 3454 3792 4000 4105 4371 4756 4775 5065 5339 5411 
311 130 788 2341 2698 2927 3115 3961 4242 4424 4588 4593 5083 5263 5993 7219 8332 
312 61 81 225 353 478 563 821 1470 1867 1931 1994 2001 2038 2307 2431 3932 5333 9265 
313 2024 3874 4058 5537 5562 5564 5636 5688 5754 6100 
314 1262 3721 5024 5185 5529 5569 5644 5712 5779 5789 6503 
315 36 356 688 880 1094 1575 2183 2366 2487 2628 4664 6584 
316 533 1604 1817 3009 3145 4037 4204 4458 4649 5277 5375 6201 
317 1696 1923 3853 4185 4389 4412 4502 4585 4686 5077 5109 5309 5714 5715 5921 9139 
318 44 545 984 1495 1814 2191 2709 2955 3098 3879 4190 4335 5553 6771 
319 1635 4633 5004 5238 5289 5378 5651 5686 5745 
320 1156 2285 4918 5653 5657 5665 5717 5725 6083 
321 337 360 603 612 997 1265 1517 1902 2254 3764 7852 
322 100 512 831 1301 1747 2114 2313 2516 2629 3023 3499 3881 4382 4504 
323 91 436 497 1205 1321 1399 1591 1751 2160 3950 
324 373 383 578 978 1499 2330 2333 2387 2650 2725 4692 8062 
325 172 503 657 1640 1871 4147 4737 4821 5265 5625 5675 6592 
326 495 671 1140 1539 2305 2853 3054 3828 3955 5073 5151 5248 5810 8235 
327 310 1060 1136 1385 2591 2860 3799 4250 4716 4869 4891 7615 
328 59 196 341 1441 1664 2674 2967 3120 3216 3360 
329 43 555 737 1612 3531 3658 3673 3993 4107 4248 4616 6015 
330 299 524 577 759 1137 1208 1348 1464 1778 3032 3200 3424 3460 3722 3926 3976 4356 4573 6073 7883 
331 634 1564 1846 2435 3019 3195 4409 4712 4933 4973 5140 5344 8130 8920 
332 285 514 843 1424 1446 1652 1806 2636 3017 3121 3779 3968 4056 6938 7254 
333 703 2011 2394 3272 3389 3980 4202 4550 5492 
334 45 74 877 2002 2257 2351 2858 3596 3795 3921 3995 7756 
335 63 1310 1460 2265 2554 2817 2878 3221 3600 3716 4101 5593 9197 
336 498 3845 4854 5592 5612 5690 5761 5763 5820 5827 6262 
337 468 850 923 1787 2015 2503 2540 2648 3184 3783 4160 4425 4530 6949 7285 
338 164 529 648 1141 1149 1207 1325 1773 1783 2112 2569 3230 3584 3802 3847 4178 5373 8293 
339 1180 1600 2181 4111 4168 4496 4568 5148 5188 6744 
340 1030 1164 4229 4728 5377 5673 5693 5708 5786 5829 
341 1632 2059 2222 4318 4565 4690 4851 5120 5162 5303 
342 118 220 820 1313 1930 1987 2655 2859 3092 3196 3234 4076 4280 4929 8848 
343 8 298 331 608 641 643 679 912 1118 2186 4962 
344 452 1985 2978 3008 3582 4218 4285 4357 4537 4610 4655 4811 5076 5638 5913 
345 1972 2938 2998 3660 4274 4343 4591 4725 4797 4915 5135 5164 5451 5477 5922 8832 
346 2 884 901 1031 2246 2460 2900 3180 4652 4696 4711 5000 
347 835 933 1023 1161 1185 1475 1540 1833 1892 1910 2479 8618 
348 37 171 362 682 1451 3185 3451 3482 3551 6067 6301 
349 368 936 1516 1940 2749 4397 4648 5236 5243 5371 
350 30 1567 2089 2110 2264 2474 2531 2962 3241 3348 3487 3640 3916 4803 5163 5719 7762 8105 8396 
351 64 1803 2036 2300 3041 3073 3293 3428 4350 4941 4976 5349 6347 7289 
352 1477 1678 3385 3421 4407 4552 4875 4928 5008 5334 5704 5749 7579 
353 888 1642 2022 2818 3290 3810 4723 4772 5324 5475 5484 5494 5583 6413 
354 12 111 402 960 962 1024 2064 3105 3130 4304 4532 5572 
355 107 439 554 3156 3547 3717 4671 4748 4789 5037 5304 5998 
356 141 1051 2298 2903 2949 2975 3822 3833 4433 5050 5067 5094 5293 6982 
357 496 2893 3229 4275 4580 4846 4864 4872 5124 5187 5217 5223 5834 6765 
358 500 583 1445 1461 1763 2220 2275 2552 2729 2941 3270 3682 4191 4886 8663 
359 288 473 604 1907 2243 3058 3546 3670 5119 8812 
360 303 1278 2241 2654 4736 5102 5283 5428 5567 8212 
361 237 826 966 1038 1225 1671 1958 2866 3078 4840 4959 5156 6967 
362 198 2099 3472 3737 3957 4030 4137 4528 4950 6705 
363 1948 2515 2704 3062 4271 4903 4936 5190 5240 5585 5627 5901 
364 1568 2023 2202 3001 3518 3626 4016 4038 6511 
365 499 711 1123 1246 2168 2315 2976 2995 3050 4071 4145 4564 4978 5579 8994 9990 
366 614 965 1605 1679 2337 2438 2736 3113 3212 3237 3307 3542 3581 3720 4077 5033 
367 24 133 175 252 806 975 2004 2267 2730 2877 3068 3214 5149 
368 156 169 336 1841 1960 2013 2466 2500 2526 2842 3523 3848 3887 6875 
369 267 461 542 1048 1386 1397 1896 1997 2796 2894 3477 3958 4281 4822 7179 
370 491 704 738 817 1454 1532 1753 1979 2528 2968 3045 3820 4359 
371 287 394 891 1097 1452 1736 1794 2104 2107 2355 2357 3894 3972 4028 4206 6141 6280 6613 
372 1212 4019 4172 5345 5357 5528 5584 5832 5837 5868 
373 41 192 254 420 580 796 858 968 2076 2389 2432 2512 2597 2740 3093 3835 6469 
374 236 326 396 769 1000 2469 2770 2892 3066 3175 3798 
375 785 816 1366 2033 2173 2185 2225 2268 2494 2557 6611 
376 231 1019 1139 1223 1469 2833 3890 4169 4187 4402 4597 5734 
377 565 1242 1442 1625 2003 2230 2753 3037 3191 3855 4256 4727 5060 5307 5400 6070 9979 
378 456 502 582 689 1033 1147 1218 1520 1577 1646 3555 4760 5783 
379 338 354 613 1274 1382 1621 1971 2715 3243 3255 3527 4013 6986 7001 
380 194 637 1354 1368 1661 1890 2767 3107 3338 3465 3750 3883 4035 4252 4517 4668 4749 5696 
381 1710 2273 4637 4980 5012 5206 5266 5274 5476 5800 6404 8307 
382 149 270 507 866 2919 3817 4115 4220 4269 4387 4694 4967 
383 979 1292 1870 2682 2763 3410 4040 4060 4276 4800 4856 4913 4923 5350 6549 9677 
384 392 462 670 993 1272 2346 4031 4053 4410 4470 4574 4932 5075 5152 
385 2309 3981 4758 4995 5108 5478 5535 5577 5648 5652 5762 5876 6115 
386 90 584 601 696 1326 1734 2061 3126 3591 4401 4752 5660 
387 276 596 667 946 1197 1345 1437 1603 1717 1780 1950 2212 2932 3034 3285 6566 
388 729 1569 2546 2612 3174 3263 3316 3922 4180 4241 4306 4423 4461 4738 4810 5446 7085 
389 47 207 525 1247 1497 1687 2596 3409 3860 3975 4219 6376 9483 
390 1095 2713 3274 3689 3790 4133 4200 4914 4969 4970 5071 6403 
391 203 350 2954 3498 3678 3711 4208 4859 4937 5294 5298 5408 
392 228 268 314 635 939 1842 2316 2386 2444 3758 3836 7355 
393 201 847 1588 1821 2119 2765 3220 3257 3355 3413 3586 4521 7053 
394 22 174 1617 2218 2338 3744 3805 4009 4349 4405 4541 6331 
395 188 1344 2156 2402 2635 3544 4127 4189 5048 5431 5557 5670 6099 6955 
396 9 219 505 1017 1259 1521 1599 2558 3148 4057 4827 5117 5177 
397 713 1317 1689 3005 4309 5157 5511 5646 5649 5703 5823 6305 
398 2864 3118 4381 4499 4717 5487 5573 5615 5672 5880 7048 
399 810 837 1490 1784 2197 2660 2799 4345 4492 4700 4747 5383 
400 2691 3524 5554 5608 5624 5692 5718 5893 9040 
401 3466 3723 3755 3787 4021 4594 4880 4908 5115 5485 5497 5563 5580 7153 
402 19 27 2228 2881 3014 3679 3864 4047 4173 4366 5053 5072 5343 6270 9669 
403 142 763 1209 1341 1427 1558 2368 3158 3455 4406 6385 
404 709 1324 2336 2493 2690 2933 3110 3356 3427 3550 3800 3934 5566 6464 
405 229 619 1543 2056 2614 3571 3803 4087 5247 5318 5674 
406 46 49 384 654 714 903 1076 1307 1492 1834 1977 3236 4341 5113 8104 
407 814 1718 1865 2248 2611 2718 3300 4396 4837 4884 5145 5286 6509 
408 134 627 674 1010 1546 1937 1968 2078 2251 2693 3039 5214 
409 675 1028 1759 3063 3100 3492 3904 4297 5178 5311 5581 
410 206 391 660 1062 1436 1515 2535 2914 2972 3049 3099 3233 3349 4007 4170 4698 8406 
411 981 1176 1263 1779 2461 2889 3090 3969 4088 4239 4669 5031 5587 
412 840 1318 1878 2430 2481 3253 4861 4866 5202 5813 8145 
413 649 3956 4545 5213 5242 5466 5522 5616 5701 6625 
414 23 802 1245 1681 4388 4977 5057 5061 5413 5496 5530 7280 
415 609 686 701 1006 1224 1357 1429 2070 2966 3616 3903 4152 5003 6737 
416 450 914 1579 2850 3127 3414 3766 4044 4192 4487 4645 4952 5430 6225 6470 
417 113 191 278 358 501 659 808 1052 1922 2573 4055 4311 5326 6486 
418 520 856 1277 1493 2603 4917 5216 5237 5267 5360 5363 5817 6175 
419 1574 1963 2129 2754 3520 3622 4482 4675 4682 4916 5438 5621 6447 
420 1449 1627 1815 2054 2216 2566 2701 2990 3173 3374 4176 4247 5746 6218 
421 900 1561 2296 2705 3695 3709 3743 4316 4379 4632 5390 
422 992 1283 1739 1863 3036 3694 4994 5001 5207 5215 5331 7586 
423 2289 4330 4533 4759 4820 4999 5093 5473 6681 
424 4 1695 2006 2172 2272 2506 3256 3468 3595 7049 
425 230 490 1290 1370 1531 2200 2497 4228 4258 4315 5546 
426 238 258 1214 1215 1252 1306 1404 1934 2098 2844 3074 3901 4098 4303 
427 1 105 128 144 599 2804 3667 3686 3815 3841 3914 4123 8174 
428 55 2328 4721 5410 5501 5705 5811 5814 5830 7333 
429 104 726 2647 2684 3210 3278 3878 3985 4826 5005 5160 5346 6188 
430 345 766 1189 1633 2102 2541 2826 4225 4579 6011 7296 
431 342 414 846 1112 1300 1570 1572 2411 3206 3320 3490 3665 7147 
432 551 919 1235 2574 3109 4762 4867 5314 5404 5771 5948 
433 1088 1347 1962 2144 2319 2335 2563 3035 3444 3751 4073 4163 7481 
434 324 943 1389 1887 2161 2846 2848 3222 3306 3419 3433 3736 5097 7013 
435 443 1174 1613 1639 3254 3505 4134 4157 4287 4295 4566 4773 5133 5662 8150 
436 205 308 2048 3085 3128 3745 4493 4595 4708 4776 4911 5192 
437 109 217 417 574 742 1309 1524 1712 2269 2419 3431 4338 5526 8830 9461 
438 2916 3138 4320 4957 5179 5219 5513 5640 5647 5750 5784 5870 8907 
439 265 922 1351 1457 1533 2136 3211 3273 3651 3933 4260 4729 4824 4919 5054 
440 822 2381 2944 3046 3123 3193 3207 4139 4165 4739 6184 
441 179 1353 1788 1894 1901 3061 3218 3399 3573 4380 4842 7929 
442 66 723 1074 1184 1450 2021 2179 2187 2362 2463 2806 2965 2979 7736 
443 131 1279 1356 2658 2834 2857 3038 3097 3603 3674 4420 5193 5332 6528 8498 9301 
444 416 1945 2097 3614 3960 5107 5251 5635 5709 5824 6285 7200 
445 283 442 683 1011 1249 3081 3537 4266 4485 4599 4731 4946 5623 
446 139 702 778 1339 2074 2376 3512 3533 3924 4128 4351 4598 4815 5442 9659 
447 3854 4961 5174 5541 5561 5681 5711 5728 5755 
448 195 760 1050 1248 1658 1853 1884 2314 2349 2600 2768 4312 4874 5023 5134 6855 
449 351 378 1791 2579 2656 3357 3630 3636 3684 3812 4086 4832 6492 7438 
450 184 1684 2652 4651 4673 4956 5080 5352 5418 5549 5923 
451 1371 1419 1557 2031 2904 3346 3837 3893 4004 4253 4310 4331 4912 6631 
452 1504 1731 4393 4399 4614 4823 4991 5096 5278 5317 5550 5600 5699 5766 5884 7486 
453 157 938 1315 2885 3160 3267 3607 3609 3691 4584 4816 5100 5147 5700 5780 7820 
454 963 1920 2007 2262 2371 2764 3187 3298 3532 4062 9842 
455 334 369 1047 1261 1369 1829 2087 2415 3452 3697 3830 4048 4948 7252 
456 3445 3580 4372 4750 5368 5611 5736 5741 5753 5857 6802 7206 
457 99 1125 1154 1170 2675 2677 2773 3516 3732 3782 4279 4296 4834 7413 7782 
458 127 138 1153 2083 2370 2457 3862 4555 4672 4909 5198 5742 
459 11 190 1264 2509 2590 3007 3294 4184 4235 4899 5239 9968 
460 803 1725 2201 2812 3765 3889 3984 4631 5205 7026 
461 330 466 510 594 1105 1122 2388 2605 2670 3351 3358 6853 
462 423 678 2873 3785 4023 4646 4934 5232 5631 5667 5997 7105 
463 140 839 1213 1665 2364 3057 3677 3719 3730 3840 5038 5385 9178 
464 223 538 691 860 1160 1597 1777 1906 2017 2084 2577 2839 6453 
465 2034 2082 3103 4922 5086 5226 5290 5588 5744 8333 
466 312 695 757 921 1003 1044 1067 1502 1692 2000 2094 3343 3540 4068 5607 5643 6251 7713 8387 
467 143 209 266 431 902 1128 1982 2992 4203 5099 
468 418 2256 2791 2816 2841 2963 3488 3604 4092 4497 4520 4542 7902 
469 434 996 1522 1851 1886 1898 2198 3478 4188 4535 5325 
470 1151 1352 1388 2043 2397 2486 2748 2759 2795 3147 4236 
471 76 245 476 944 1236 1726 1830 1868 1888 1956 2760 3026 3135 3152 3303 4536 4567 
472 519 1619 2642 3341 3514 4041 4084 4494 4813 5058 5737 6074 7568 
473 935 967 991 1527 2491 2813 3476 3549 5284 5532 5560 5622 5764 6978 
474 557 2518 3931 4149 4656 4782 5017 5619 5682 6045 
475 6 484 515 773 1018 1361 1768 2139 2158 2208 2810 
476 160 1064 3517 3519 4079 4171 4417 4858 5036 5479 5523 
477 2581 3219 3430 4121 4386 4751 4839 4930 5389 5406 5798 9465 
478 661 690 1422 2049 2427 3483 4074 4466 4680 5046 6675 7710 
479 876 1257 1480 1752 1828 2053 2449 2621 2781 3250 3435 3437 3530 5946 8644 
480 410 511 573 735 2331 2442 2550 2721 3353 3515 3567 3869 4488 5917 6134 6588 7732 
481 176 479 2712 5396 5599 5633 5669 5743 5776 5818 6144 
482 621 1760 2019 2063 2344 2762 2869 2872 3146 3789 4538 4654 8722 
483 60 180 2122 2542 2809 2886 3469 3915 4257 5131 
484 2361 3740 3943 4270 4449 4575 4862 5354 5415 5658 
485 586 3727 4743 4835 5225 5244 5379 5590 5637 5664 5773 5904 
486 165 1303 2260 2836 3588 4183 4448 4618 4806 5861 6554 
487 1333 1682 2861 2971 3186 3411 3612 3952 4214 4365 4432 4990 
488 630 1513 2727 3170 3412 3642 4418 5089 5259 5381 8841 
489 282 892 2247 3386 3741 4135 4353 4511 4643 4726 5049 7088 
490 102 125 481 772 783 961 1079 1573 1957 1975 2079 2679 5104 6687 9453 
491 297 569 628 722 782 827 897 983 994 1157 1400 1877 
492 210 453 1510 1844 2159 2426 3246 4150 4403 4469 4475 4720 4766 
493 458 776 1914 1966 2044 2103 2484 2824 3072 3131 
494 1022 1187 3423 4106 4889 5320 5405 5435 8910 
495 148 976 1288 1407 2206 2686 2936 3194 3503 
496 96 1702 2421 2714 2950 2959 3275 3312 3322 4027 4836 5301 5543 6102 
497 28 272 725 1634 2450 2743 2988 3125 3266 4017 4080 7992 8431 
498 825 1832 2599 2689 2790 3631 3880 3973 4046 4613 4707 6630 
499 692 815 838 2284 2407 2784 3324 3347 4644 4906 5756 6677 
