100
0 440 491 929 944 1003 1052 1209 1476 1552 1676 1741 1805 1944 2035 2052 2141 2194 2246 2257 2337 2341 2385 2404 2426 2484 2485 2505 2555 2580 2584 2659 2688 2718 2899 
1 321 360 378 1412 1927 2021 2171 2382 2398 2502 2775 2793 2840 2904 2988 2996 3123 3140 3164 3185 3223 3231 3243 3274 3289 3306 3311 3376 3395 3400 3449 4291 
2 406 511 563 570 571 672 679 706 714 818 823 885 906 910 912 931 1009 1074 1095 1115 1160 1186 1273 1316 1348 1384 1424 1426 1447 1458 1601 1737 2705 
3 3403 3444 3446 3478 3480 3490 3493 3545 3603 3610 3631 3659 3676 3740 3827 3833 3926 3969 3981 3989 3993 4009 4018 4032 4033 4098 4123 4138 4193 4264 4336 4594 
4 93 617 1228 1509 1714 1734 2152 2720 3067 3151 3227 3380 3404 3406 3420 3476 3511 3624 3654 3656 3682 3751 3761 3769 3783 3860 3906 3946 3962 3976 3994 3995 6388 
5 934 1312 1618 1911 1976 2002 2090 2327 2571 2728 2743 2758 2813 2830 2853 2917 2951 2956 2960 2974 2979 3022 3038 3055 3059 3065 3089 3109 3124 3156 3161 3167 3195 3206 3266 3302 
6 539 728 851 1148 1169 1204 1235 1295 1375 1401 1410 1472 1511 1543 1657 1796 1840 1890 2009 2125 2172 2192 2291 2293 2320 2344 2351 2354 2374 2392 2413 2444 2462 3756 
7 494 631 656 709 721 729 864 902 972 1029 1308 1507 1587 1595 1615 1644 1689 1712 1726 1736 1758 1770 1822 1850 1873 1874 1978 2069 2071 2073 2108 2124 2181 2218 2402 3379 5959 
8 81 233 477 579 974 1290 1440 1780 1918 2111 2128 2247 2308 2315 2346 2357 2422 2442 2508 2561 2643 2670 2689 2703 2773 2796 2838 2873 2878 2903 2916 3205 8080 
9 262 388 420 639 1325 1439 1493 1568 1827 1923 2044 2076 2123 2148 2162 2179 2245 2277 2281 2286 2289 2297 2325 2335 2360 2411 2429 2437 2489 2497 2500 2683 3110 4364 
10 182 342 549 657 724 803 878 882 888 1000 1024 1106 1111 1128 1182 1196 1231 1266 1378 1435 1485 1486 1513 1527 1533 1534 1544 1584 1608 1725 1742 1744 1748 1752 1793 2018 2701 
11 776 1020 1175 1354 1699 1753 1975 1992 2154 2236 2250 2330 2421 2424 2458 2496 2609 2634 2654 2660 2668 2682 2729 2759 2764 2766 2771 2780 2789 2820 2972 3199 3239 6402 8450 
12 277 306 309 411 496 552 566 572 576 594 643 685 704 739 809 829 866 936 945 963 970 1044 1058 1061 1078 1112 1125 1155 1224 1294 1310 1386 1407 1408 1455 1468 1488 1490 1498 1575 2153 2744 7929 
13 143 215 405 717 767 849 852 919 1079 1229 1451 1554 1723 1743 1781 1888 1924 1984 2000 2024 2061 2106 2175 2264 2307 2376 2384 2466 2546 2587 2603 2681 2709 2724 2790 2794 3196 5336 
14 240 324 805 1099 1240 1508 1835 1995 2058 2169 2280 2316 2495 2506 2710 2767 2786 2815 2831 2832 2857 2897 2914 2925 2968 3000 3001 3009 3011 3017 3074 4371 9559 
15 458 460 507 543 598 619 667 730 758 807 865 948 953 983 987 991 1025 1036 1049 1084 1118 1134 1141 1146 1165 1202 1233 1276 1756 3198 4841 
16 101 677 822 843 2937 3149 3178 3201 3255 3292 3417 3429 3471 3500 3528 3536 3548 3618 3636 3660 3689 3698 3715 3759 3794 3893 3895 3929 3943 5429 
17 105 154 524 546 916 2644 2700 2983 3261 3372 3597 3721 3731 3735 3889 3900 3904 3912 3955 3972 3973 4010 4016 4030 4045 4063 4077 4093 4127 4134 4156 4167 4221 4335 
18 58 64 70 71 387 862 975 1525 1578 1795 2164 2227 2323 2375 2416 2540 2589 2633 2694 2741 2753 2782 2808 2829 2834 2839 2842 2854 2864 2869 2886 3158 3398 
19 99 118 159 176 181 209 270 279 315 316 394 407 417 432 475 541 578 668 692 716 736 750 752 789 790 802 808 819 825 831 5926 
20 469 582 1670 2537 2593 2626 2665 2714 2723 2772 2931 2991 3019 3070 3073 3080 3100 3107 3135 3222 3232 3238 3249 3286 3288 3320 3346 3349 3412 3533 
21 191 224 299 313 332 337 368 436 456 459 471 472 495 500 519 536 547 550 581 604 624 628 641 642 646 647 665 675 693 695 720 761 771 785 820 836 867 901 1643 1954 2120 2170 2177 5554 
22 369 516 542 610 616 799 886 926 965 978 998 1012 1120 1142 1144 1158 1189 1238 1245 1274 1279 1299 1382 1405 1411 1414 1432 1436 1454 1461 1483 1559 1876 2198 4171 4247 5661 
23 1 379 530 638 855 958 1019 1076 1121 1177 1244 1471 1501 1537 1590 1637 1639 1663 1667 1678 1687 1688 1709 1750 1767 1769 1806 1872 1884 2063 2240 2487 2513 3046 3410 
24 162 1015 1210 1281 1309 1404 1475 1646 1787 1983 1994 1996 2004 2011 2066 2068 2080 2096 2114 2151 2199 2206 2266 2288 2319 2358 2425 2943 
25 60 67 95 108 144 1823 2269 2310 2522 2542 2544 2699 2762 2768 2770 2778 2816 2843 2882 2978 3079 3081 3125 3162 3210 3254 3262 3275 3319 3394 3479 3483 3556 3655 4397 5482 
26 264 889 933 1001 1008 1066 1086 1100 1201 1288 1353 1425 1478 1496 1560 1677 1728 1894 1920 1958 1960 2041 2042 2094 2122 2135 2183 2306 2507 3008 
27 235 690 762 880 908 949 1007 1113 1203 1258 1373 1604 1627 1703 1715 1789 1887 1889 1898 1934 1950 1962 1964 2059 2092 2093 2313 2355 2373 2453 2666 2841 2848 3097 7624 
28 86 700 2625 2805 2876 2912 2926 2944 2954 2965 2976 2986 2994 3020 3023 3040 3101 3127 3129 3174 3190 3234 3236 3369 3383 3388 3428 3458 3501 3516 3677 4977 
29 145 334 1815 2193 2436 2482 2568 2611 2698 2732 2738 2745 2811 2884 2906 2947 2958 3013 3025 3066 3085 3098 3117 3122 3141 3171 3177 3228 3424 5990 
30 219 246 305 317 412 510 551 649 686 727 760 769 891 962 969 1022 1050 1057 1073 1077 1085 1110 1117 1149 1154 1199 1217 1249 1251 1302 1367 1638 1783 2955 
31 683 835 1179 1330 1570 1603 1606 1612 1631 1660 1707 1817 1834 1948 1952 1955 1957 2012 2017 2020 2022 2025 2036 2081 2134 2136 2137 2160 2197 2230 2400 2819 2872 
32 691 1588 2364 2419 2684 2686 2717 2719 2726 2748 2836 2855 2856 2870 2881 2938 2939 2961 2980 3071 3088 3092 3186 3226 3303 3308 3310 3414 3419 3992 
33 352 384 429 528 584 678 698 753 796 810 834 838 842 879 905 922 994 1014 1040 1053 1068 1088 1133 1135 1139 1166 1183 1572 1597 2614 
34 193 298 883 935 979 988 1064 1094 1132 1164 1172 1190 1234 1247 1262 1300 1304 1337 1347 1351 1387 1442 1443 1449 1450 1477 1519 1553 1579 1600 1607 1616 1636 3248 
35 48 3537 3555 3622 3662 3839 3977 3983 4112 4164 4169 4207 4280 4331 4357 4358 4374 4410 4428 4435 4472 4551 4608 4615 4622 4710 4765 5108 5158 5221 5223 5305 5428 5437 5511 5552 5715 5895 5948 6059 
36 115 383 612 977 1896 2078 2267 2285 2408 2488 2566 2620 2795 2890 3115 3173 3175 3194 3260 3387 3447 3488 3519 3535 3575 3586 3600 3604 3632 3638 3718 3730 3777 3996 4067 
37 854 946 1032 1402 1500 1740 1909 1939 2056 2157 2234 2235 2328 2365 2460 2477 2490 2541 2564 2592 2596 2628 2636 3016 3706 
38 79 288 349 1506 1541 2047 2352 2463 2518 2567 2572 2656 2676 2696 2739 2797 2824 2880 2963 2992 3034 3121 3144 3220 3252 3291 3300 3313 3324 3330 3332 3339 3359 3455 
39 78 104 124 185 214 241 281 331 801 1075 1102 1683 1746 1774 1902 1929 1936 1946 1947 2038 2084 2095 2143 2150 2229 2254 2294 
40 77 122 128 206 226 289 483 520 560 687 921 938 943 956 997 1018 1037 1046 1116 1168 1198 1216 1230 1241 1270 1287 1313 1338 1364 1381 1420 1632 1679 1771 1790 5514 
41 620 798 858 915 957 1010 1255 1463 1484 1510 1526 1539 1561 1565 1566 1571 1576 1619 1647 1654 1681 1765 1784 1804 1811 1878 1930 1933 1982 1987 2142 2216 3807 
42 0 80 120 350 506 535 564 613 644 723 765 861 952 1030 1034 1083 1091 1181 1188 1194 1211 1220 1239 1243 1284 1361 1383 1403 1413 1417 1429 1459 1718 2504 2713 3585 
43 96 135 1323 2028 2205 2243 2296 2380 2501 2526 2545 2565 2599 2658 2669 2702 2708 2711 2803 2844 2895 2896 2909 2910 2924 3005 3030 3133 3163 3166 3229 3247 3923 5150 6337 
44 84 179 258 261 300 346 419 490 514 526 583 715 732 787 1167 1173 1236 1334 1358 1532 1764 1775 1841 1881 1935 2083 2091 2174 2302 2347 2359 2371 2388 2417 2420 2450 2575 2823 3870 
45 2 792 897 1093 1126 1268 1409 1504 1617 1635 1649 1717 1755 1814 2013 2053 2140 2217 2221 2272 2381 2387 2397 2432 2445 2476 2492 2552 2562 2667 2730 2740 3470 5851 6729 
46 194 230 232 325 386 410 448 488 523 637 648 658 744 746 788 814 840 856 873 890 939 1026 1090 1098 1178 1192 1237 1242 1280 1285 1293 1303 1332 1340 1502 1524 1766 2208 
47 430 474 595 877 986 1431 1801 1895 1956 1979 2155 2185 2204 2405 2478 2509 2588 2653 2706 2735 2751 2791 2802 2851 2860 2892 2894 2902 2911 2927 2985 3033 3284 3975 
48 157 170 186 229 269 271 282 296 312 351 402 408 428 435 444 446 473 481 508 517 518 540 577 627 659 661 662 674 684 711 734 737 742 743 747 815 1564 3477 
49 129 149 178 278 302 304 401 455 489 525 557 626 633 660 782 804 811 894 911 924 973 980 1011 1071 1097 1119 1145 1193 1206 1446 1661 2158 2616 3831 
50 123 156 161 167 242 250 326 392 403 442 454 457 503 565 605 607 629 636 705 754 779 828 837 850 868 887 914 917 923 942 1809 
51 6 7 8 16 19 29 32 37 38 40 47 49 52 56 59 68 73 76 82 83 88 90 102 127 138 155 180 192 225 274 276 284 287 487 2818 5501 
52 35 85 98 2852 2929 2970 3269 3323 3366 3620 3673 3738 3819 3843 3982 4025 4049 4065 4073 4089 4096 4130 4135 4150 4153 4223 4226 4249 
53 876 941 1004 1137 1301 1344 1521 1653 1666 1698 1701 1751 1813 1854 1869 1892 1932 1965 2037 2060 2115 2202 2233 2237 2260 2339 2356 2377 2399 2409 2469 2498 3441 3514 
54 239 314 493 538 558 611 621 653 741 745 770 839 1006 1047 1059 1092 1107 1124 1136 1151 1157 1159 1191 1394 1430 1462 1469 1470 1474 1491 1528 1547 1656 2383 5985 9517 
55 142 238 415 452 486 533 592 615 669 671 689 699 702 708 713 726 738 768 773 774 775 781 784 797 817 884 895 898 904 907 925 959 1089 5051 6887 
56 171 174 202 267 376 971 1017 1062 1101 1129 1152 1218 1297 1326 1329 1341 1349 1499 1585 1658 1711 1739 1779 1810 1828 1843 1910 2212 2685 8402 
57 175 396 544 623 791 1002 1246 1380 1396 1398 1456 1518 1545 1620 1622 1652 1907 1963 2006 2131 2176 2187 2211 2226 2238 2300 2329 2386 2406 2538 2747 
58 87 103 112 116 131 141 158 165 190 195 204 212 223 256 257 260 293 295 303 307 319 323 336 340 344 347 361 365 371 389 390 561 585 968 3106 9824 
59 20 25 30 133 399 2396 2494 2583 2736 2737 2783 2866 3002 3126 3176 3280 3580 3702 3908 3920 3952 4034 4184 4646 4672 4913 4936 5165 5333 5350 5643 6134 6138 6238 8139 
60 125 370 553 696 766 1016 1041 1370 1479 1557 1721 1830 1844 1885 1904 1908 2032 2050 2082 2178 2232 2464 2480 2576 2577 2581 2601 2610 2690 2721 2722 2792 3024 3527 3849 4613 
61 338 821 881 1070 1161 1322 1343 1377 1390 1391 1457 1529 1580 1735 1772 1791 1821 1857 1949 2040 2051 2074 2105 2146 2165 2220 2231 2253 2278 2290 2573 2586 2608 2651 2671 2673 3054 3389 4102 
62 2627 2867 2888 3052 3131 3246 3251 3298 3312 3345 3363 3384 3431 3443 3469 3487 3505 3524 3595 3607 3619 3640 3646 3668 3704 3753 3754 3790 3858 3879 3899 3907 3913 3915 3927 3970 4225 4982 5295 
63 61 114 134 136 243 244 265 280 292 328 343 354 377 398 431 451 462 476 499 521 532 537 559 575 587 614 645 651 652 664 666 688 824 1495 
64 218 466 498 586 597 996 1448 1628 1686 1700 1759 1856 1875 1883 2127 2201 2207 2305 2401 2448 2551 2554 2725 2784 2919 3049 3058 3169 3204 3215 4342 
65 372 625 1393 1427 1445 1629 1633 1925 1981 2003 2200 2224 2225 2239 2279 2295 2322 2475 2516 2525 2527 2553 2595 2605 2622 2629 2638 2645 2661 2663 2664 2678 2787 6459 
66 216 254 397 413 545 763 786 832 844 846 853 857 1081 1096 1114 1171 1260 1278 1291 1437 1562 1621 1662 1731 1807 1812 1858 1861 1901 1906 1937 1985 1986 1997 3767 4347 7677 
67 780 812 872 874 875 1042 1048 1054 1105 1108 1138 1140 1174 1176 1205 1226 1282 1319 1324 1335 1362 1371 1376 1395 1419 1520 1550 1567 1577 1596 1599 1610 1673 1674 1727 5921 
68 1153 1250 1350 1613 1640 1897 2005 2027 2184 2275 2292 2309 2510 2523 2585 2623 2704 2807 2928 2949 2987 3148 3189 3258 3314 3335 3507 3541 3587 3615 3999 5286 7055 
69 3 4 5 9 10 11 12 13 14 15 17 18 21 22 24 26 27 28 31 33 34 36 39 43 44 45 46 51 53 55 57 65 69 74 121 148 329 1671 6165 
70 72 92 199 322 364 400 414 478 504 529 534 573 603 634 663 707 740 759 783 833 871 920 937 947 950 966 1013 1039 1065 1225 1232 1482 2116 
71 117 418 497 1912 2055 2196 2274 2333 2435 2521 2612 2647 2674 2845 2862 2959 2971 3043 3053 3142 3237 3287 3315 3328 3374 3464 3512 3513 3532 3563 3564 3639 3658 3811 3875 3881 3941 3953 4040 4172 4953 
72 311 655 681 718 1150 1256 1307 1320 1368 1492 1512 1555 1705 1785 1788 1816 1832 1836 1839 1846 1847 1848 1865 1953 1971 2067 2099 2102 2104 2126 2130 2132 2547 2889 3102 3457 5381 
73 153 259 427 531 591 719 826 930 993 1087 1421 1438 1569 1863 1882 1991 2147 2173 2241 2455 2468 2479 2512 2549 2563 2598 8034 
74 189 217 273 318 359 375 404 470 505 515 522 527 554 555 568 569 574 589 593 599 601 630 670 676 682 703 748 749 755 795 800 860 
75 381 608 772 955 960 999 1143 1223 1283 1586 1852 1988 2029 2062 2391 2403 2418 2438 2474 2532 2543 2615 2652 2712 2777 2785 2799 2835 2847 2849 2858 2859 2883 2948 2969 2981 3027 3270 3348 4178 8271 
76 268 733 777 967 1055 1080 1103 1315 1317 1342 1355 1372 1388 1515 1535 1540 1563 1582 1593 1602 1675 1704 1749 1802 1837 1870 1879 1919 1931 2048 2049 2089 2119 2298 
77 23 41 42 54 132 177 308 320 618 712 1127 1227 1974 2258 2265 2336 2348 2517 2533 2582 2637 2648 2933 2942 3045 3153 3160 3179 3180 3221 3281 3293 3411 3560 3561 3574 3591 3884 4430 
78 140 169 253 710 735 984 1180 1213 1289 1311 1389 1497 1548 1665 1693 1729 1768 1776 1786 1808 1829 1845 1851 1880 1915 1938 1942 1966 2113 2222 2270 2428 2594 3057 
79 222 248 374 422 426 445 479 548 778 870 892 893 951 995 1162 1163 1208 1314 1333 1357 1366 1379 1433 1481 1487 1503 1522 1530 1591 1594 2023 
80 107 110 146 152 168 183 188 198 200 210 220 234 275 285 327 355 358 366 395 416 421 424 425 447 449 485 502 513 556 562 580 600 602 632 751 859 869 900 909 3244 
81 228 443 827 918 976 1063 1130 1147 1219 1222 1253 1318 1356 1363 1392 1415 1444 1453 1516 1558 1611 1641 1642 1651 1692 1724 1799 1803 1824 1926 2486 
82 130 236 1170 1623 1648 1831 1917 1977 2098 2156 2166 2345 2349 2367 2390 2427 2452 2470 2471 2493 2607 2657 2693 2715 2733 2746 2769 2812 2814 2871 2887 2905 2932 2973 3309 3502 5526 9305 
83 363 492 622 793 813 830 863 896 1082 1184 1200 1265 1272 1275 1360 1369 1400 1416 1434 1441 1473 1574 1680 1690 1695 1702 1710 1716 1733 1818 1862 1893 1899 2304 3139 
84 380 596 606 701 845 899 913 932 961 964 1005 1056 1109 1122 1187 1215 1221 1257 1267 1339 1352 1359 1365 1374 1464 1467 1514 1549 1583 1592 1598 1664 1669 1682 1738 1760 1777 1797 1891 1943 1951 2248 5276 6049 
85 63 89 97 137 147 151 173 205 272 283 1045 1271 1305 1460 1706 2010 2064 2088 2117 2167 2203 2209 2379 2414 2447 2514 2590 2604 2680 2692 6304 7984 
86 588 590 756 806 1207 1261 1306 1327 1399 1428 1581 1614 1685 1794 1945 1959 1973 1998 2079 2186 2214 2261 2271 2301 2334 2340 2366 2372 2389 2451 2491 2503 6656 7117 
87 126 164 208 211 484 509 635 928 1035 1051 1131 1197 1269 1298 1321 1406 1480 1505 1538 1624 1696 1708 1722 1757 1826 1877 1928 1940 1972 1993 2033 2085 2100 2112 2121 2259 2343 2757 
88 2977 2982 3203 3208 3219 3257 3299 3318 3336 3338 3354 3365 3450 3459 3496 3508 3552 3577 3614 3630 3737 3755 3784 3814 4266 4273 
89 106 213 423 441 464 816 1156 1185 1336 1489 1542 1655 1747 1800 1842 1913 1967 1999 2007 2034 2043 2077 2182 2188 2210 2244 2255 2430 
90 266 286 463 764 1123 1466 1626 1672 1694 1778 1825 1849 1859 1866 1886 1961 2001 2030 2072 2138 2144 2149 2219 2228 2242 2262 2312 3172 4023 
91 62 91 2934 3047 3048 3056 3271 3362 3370 3567 3611 3643 3675 3692 3695 3696 3741 3828 3841 3842 3856 3909 3928 3937 3987 4081 4106 4131 4148 5659 
92 297 697 757 1248 1905 1916 2045 2107 2268 2282 2378 2439 2454 2524 2556 2557 2716 2825 2874 2885 2908 2913 2918 2941 2952 2967 2998 3021 3028 3032 3044 3068 3069 3211 4500 5091 6769 9584 
93 433 609 847 1214 1589 1713 1855 2019 2070 2097 2163 2180 2190 2456 2591 2600 2810 2930 3003 3041 3096 3099 3200 3209 3230 3282 3317 3358 3405 3494 3497 3525 3540 3571 3572 3573 3596 3700 4090 
94 50 66 75 94 100 109 111 113 119 139 150 160 163 196 203 310 335 409 482 654 680 841 848 927 940 954 982 1033 1060 1072 1254 1296 2707 
95 166 172 184 187 197 201 207 221 227 231 245 247 249 251 252 255 263 290 291 301 330 333 339 341 345 348 356 357 367 373 382 385 391 393 434 437 438 439 450 453 467 468 480 501 512 725 731 3774 
96 294 465 640 903 990 1023 1195 1277 1385 1397 1422 1691 1798 1820 1860 1867 1903 2014 2016 2065 2133 2195 2213 2215 2249 2251 2256 2311 2363 2368 2370 2431 2579 4656 
97 461 673 794 981 1021 1259 1605 1609 1659 1745 1754 1868 1900 1922 1968 1989 1990 2145 2191 2223 2287 2314 2410 2423 2433 2465 2473 2560 2618 2642 2649 2697 2763 2809 2837 2922 3182 
98 353 362 650 694 985 989 992 1027 1028 1031 1038 1069 1104 1212 1263 1264 1286 1292 1345 1346 1423 1452 1465 1494 1517 1546 1556 1573 1625 1634 1645 1650 1697 1719 1732 1762 1782 1792 1853 1864 1921 2039 2168 3684 6698 
99 237 567 722 1067 1328 1418 1730 1763 1871 1914 2087 2321 2342 2393 2395 2415 2446 2520 2531 2570 2619 2624 2632 2639 2650 2662 2752 2975 3082 4487 6604 
